c:\developer\onlinegame\server\gameserver\x64\debug\gameserver.pch
c:\developer\onlinegame\server\gameserver\x64\debug\vc142.pdb
c:\developer\onlinegame\server\gameserver\x64\debug\vc142.idb
c:\developer\onlinegame\server\gameserver\x64\debug\pch.obj
c:\developer\onlinegame\server\gameserver\x64\debug\room.obj
c:\developer\onlinegame\server\gameserver\x64\debug\clientpackethandler.obj
c:\developer\onlinegame\server\gameserver\x64\debug\player.obj
c:\developer\onlinegame\server\gameserver\x64\debug\gamesessionmanager.obj
c:\developer\onlinegame\server\gameserver\x64\debug\gamesession.obj
c:\developer\onlinegame\server\gameserver\x64\debug\gameserver.obj
c:\developer\onlinegame\server\gameserver\x64\debug\gameobject.obj
c:\developer\onlinegame\server\gameserver\x64\debug\gamemap.obj
c:\developer\onlinegame\server\gameserver\x64\debug\gamelogic.obj
c:\developer\onlinegame\server\gameserver\x64\debug\dbtransaction.obj
c:\developer\onlinegame\server\gameserver\x64\debug\struct.pb.obj
c:\developer\onlinegame\server\gameserver\x64\debug\protocol.pb.obj
c:\developer\onlinegame\server\gameserver\x64\debug\enum.pb.obj
c:\developer\onlinegame\server\gameserver\x64\debug\gameserver.ilk
c:\developer\onlinegame\server\binary\debug\gameserver.exe
c:\developer\onlinegame\server\binary\debug\gameserver.pdb
c:\developer\onlinegame\server\gameserver\x64\debug\gameserver.tlog\cl.command.1.tlog
c:\developer\onlinegame\server\gameserver\x64\debug\gameserver.tlog\cl.read.1.tlog
c:\developer\onlinegame\server\gameserver\x64\debug\gameserver.tlog\cl.write.1.tlog
c:\developer\onlinegame\server\gameserver\x64\debug\gameserver.tlog\link.command.1.tlog
c:\developer\onlinegame\server\gameserver\x64\debug\gameserver.tlog\link.read.1.tlog
c:\developer\onlinegame\server\gameserver\x64\debug\gameserver.tlog\link.write.1.tlog
